<?xml version="1.0" encoding="UTF-8"?>
<testng-results skipped="0" failed="0" total="5" passed="5">
  <reporter-output>
  </reporter-output>
  <suite name="PWAExample" duration-ms="72950" started-at="2018-12-11T08:32:18Z" finished-at="2018-12-11T08:33:31Z">
    <groups>
    </groups>
    <test name="ChromeWebTest" duration-ms="10916" started-at="2018-12-11T08:32:18Z" finished-at="2018-12-11T08:32:29Z">
      <class name="io.seetest.pwa.tests.CrossBrowserWebTest">
        <test-method status="PASS" signature="setUp(java.lang.String, java.lang.String, java.lang.String, org.testng.ITestContext)[pri:0, instance:io.seetest.pwa.tests.CrossBrowserWebTest@1936f0f5]" name="setUp" is-config="true" duration-ms="6070" started-at="2018-12-11T14:02:18Z" finished-at="2018-12-11T14:02:24Z">
          <params>
            <param index="0">
              <value>
                <![CDATA[windows]]>
              </value>
            </param>
            <param index="1">
              <value>
                <![CDATA[chrome]]>
              </value>
            </param>
            <param index="2">
              <value>
                <![CDATA[]]>
              </value>
            </param>
            <param index="3">
              <value>
                <![CDATA[org.testng.TestRunner@59e84876]]>
              </value>
            </param>
          </params>
          <reporter-output>
          </reporter-output>
        </test-method> <!-- setUp -->
        <test-method status="PASS" signature="testCrossBrowserTest()[pri:0, instance:io.seetest.pwa.tests.CrossBrowserWebTest@1936f0f5]" name="testCrossBrowserTest" duration-ms="4360" started-at="2018-12-11T14:02:24Z" finished-at="2018-12-11T14:02:28Z">
          <reporter-output>
          </reporter-output>
        </test-method> <!-- testCrossBrowserTest -->
        <test-method status="PASS" signature="tearDown()[pri:0, instance:io.seetest.pwa.tests.CrossBrowserWebTest@1936f0f5]" name="tearDown" is-config="true" duration-ms="472" started-at="2018-12-11T14:02:28Z" finished-at="2018-12-11T14:02:29Z">
          <reporter-output>
          </reporter-output>
        </test-method> <!-- tearDown -->
      </class> <!-- io.seetest.pwa.tests.CrossBrowserWebTest -->
    </test> <!-- ChromeWebTest -->
    <test name="AndroidDeviceFirefoxTest" duration-ms="43335" started-at="2018-12-11T08:32:18Z" finished-at="2018-12-11T08:33:01Z">
      <class name="io.seetest.pwa.tests.CrossBrowserDeviceTest">
        <test-method status="PASS" signature="setUp(java.lang.String, java.lang.String, java.lang.String, org.testng.ITestContext)[pri:0, instance:io.seetest.pwa.tests.CrossBrowserDeviceTest@2ef9b8bc]" name="setUp" is-config="true" duration-ms="19103" started-at="2018-12-11T14:02:18Z" finished-at="2018-12-11T14:02:37Z">
          <params>
            <param index="0">
              <value>
                <![CDATA[android]]>
              </value>
            </param>
            <param index="1">
              <value>
                <![CDATA[firefox]]>
              </value>
            </param>
            <param index="2">
              <value>
                <![CDATA[]]>
              </value>
            </param>
            <param index="3">
              <value>
                <![CDATA[org.testng.TestRunner@6276ae34]]>
              </value>
            </param>
          </params>
          <reporter-output>
          </reporter-output>
        </test-method> <!-- setUp -->
        <test-method status="PASS" signature="testCrossBrowserTest()[pri:0, instance:io.seetest.pwa.tests.CrossBrowserDeviceTest@2ef9b8bc]" name="testCrossBrowserTest" duration-ms="18940" started-at="2018-12-11T14:02:37Z" finished-at="2018-12-11T14:02:56Z">
          <reporter-output>
          </reporter-output>
        </test-method> <!-- testCrossBrowserTest -->
        <test-method status="PASS" signature="tearDown()[pri:0, instance:io.seetest.pwa.tests.CrossBrowserDeviceTest@2ef9b8bc]" name="tearDown" is-config="true" duration-ms="5283" started-at="2018-12-11T14:02:56Z" finished-at="2018-12-11T14:03:01Z">
          <reporter-output>
          </reporter-output>
        </test-method> <!-- tearDown -->
      </class> <!-- io.seetest.pwa.tests.CrossBrowserDeviceTest -->
    </test> <!-- AndroidDeviceFirefoxTest -->
    <test name="AndroidDeviceIETest" duration-ms="45635" started-at="2018-12-11T08:32:18Z" finished-at="2018-12-11T08:33:04Z">
      <class name="io.seetest.pwa.tests.CrossBrowserDeviceTest">
        <test-method status="PASS" signature="setUp(java.lang.String, java.lang.String, java.lang.String, org.testng.ITestContext)[pri:0, instance:io.seetest.pwa.tests.CrossBrowserDeviceTest@6fb554cc]" name="setUp" is-config="true" duration-ms="20893" started-at="2018-12-11T14:02:18Z" finished-at="2018-12-11T14:02:39Z">
          <params>
            <param index="0">
              <value>
                <![CDATA[android]]>
              </value>
            </param>
            <param index="1">
              <value>
                <![CDATA[internet explorer]]>
              </value>
            </param>
            <param index="2">
              <value>
                <![CDATA[]]>
              </value>
            </param>
            <param index="3">
              <value>
                <![CDATA[org.testng.TestRunner@7946e1f4]]>
              </value>
            </param>
          </params>
          <reporter-output>
          </reporter-output>
        </test-method> <!-- setUp -->
        <test-method status="PASS" signature="testCrossBrowserTest()[pri:0, instance:io.seetest.pwa.tests.CrossBrowserDeviceTest@6fb554cc]" name="testCrossBrowserTest" duration-ms="20935" started-at="2018-12-11T14:02:39Z" finished-at="2018-12-11T14:03:00Z">
          <reporter-output>
          </reporter-output>
        </test-method> <!-- testCrossBrowserTest -->
        <test-method status="PASS" signature="tearDown()[pri:0, instance:io.seetest.pwa.tests.CrossBrowserDeviceTest@6fb554cc]" name="tearDown" is-config="true" duration-ms="3799" started-at="2018-12-11T14:03:00Z" finished-at="2018-12-11T14:03:04Z">
          <reporter-output>
          </reporter-output>
        </test-method> <!-- tearDown -->
      </class> <!-- io.seetest.pwa.tests.CrossBrowserDeviceTest -->
    </test> <!-- AndroidDeviceIETest -->
    <test name="IOSSafariDeviceTest" duration-ms="47273" started-at="2018-12-11T08:32:18Z" finished-at="2018-12-11T08:33:05Z">
      <class name="io.seetest.pwa.tests.CrossBrowserDeviceTest">
        <test-method status="PASS" signature="setUp(java.lang.String, java.lang.String, java.lang.String, org.testng.ITestContext)[pri:0, instance:io.seetest.pwa.tests.CrossBrowserDeviceTest@3567135c]" name="setUp" is-config="true" duration-ms="27189" started-at="2018-12-11T14:02:18Z" finished-at="2018-12-11T14:02:45Z">
          <params>
            <param index="0">
              <value>
                <![CDATA[ios]]>
              </value>
            </param>
            <param index="1">
              <value>
                <![CDATA[safari]]>
              </value>
            </param>
            <param index="2">
              <value>
                <![CDATA[]]>
              </value>
            </param>
            <param index="3">
              <value>
                <![CDATA[org.testng.TestRunner@3c09711b]]>
              </value>
            </param>
          </params>
          <reporter-output>
          </reporter-output>
        </test-method> <!-- setUp -->
        <test-method status="PASS" signature="testCrossBrowserTest()[pri:0, instance:io.seetest.pwa.tests.CrossBrowserDeviceTest@3567135c]" name="testCrossBrowserTest" duration-ms="15987" started-at="2018-12-11T14:02:45Z" finished-at="2018-12-11T14:03:01Z">
          <reporter-output>
          </reporter-output>
        </test-method> <!-- testCrossBrowserTest -->
        <test-method status="PASS" signature="tearDown()[pri:0, instance:io.seetest.pwa.tests.CrossBrowserDeviceTest@3567135c]" name="tearDown" is-config="true" duration-ms="4089" started-at="2018-12-11T14:03:01Z" finished-at="2018-12-11T14:03:05Z">
          <reporter-output>
          </reporter-output>
        </test-method> <!-- tearDown -->
      </class> <!-- io.seetest.pwa.tests.CrossBrowserDeviceTest -->
    </test> <!-- IOSSafariDeviceTest -->
    <test name="PWAAndroidDeviceChromeTest" duration-ms="72950" started-at="2018-12-11T08:32:18Z" finished-at="2018-12-11T08:33:31Z">
      <class name="io.seetest.pwa.tests.CrossBrowserDeviceTest">
        <test-method status="PASS" signature="setUp(java.lang.String, java.lang.String, java.lang.String, org.testng.ITestContext)[pri:0, instance:io.seetest.pwa.tests.CrossBrowserDeviceTest@3fb6a447]" name="setUp" is-config="true" duration-ms="48358" started-at="2018-12-11T14:02:18Z" finished-at="2018-12-11T14:03:06Z">
          <params>
            <param index="0">
              <value>
                <![CDATA[android]]>
              </value>
            </param>
            <param index="1">
              <value>
                <![CDATA[Chrome]]>
              </value>
            </param>
            <param index="2">
              <value>
                <![CDATA[04e196bf7d25]]>
              </value>
            </param>
            <param index="3">
              <value>
                <![CDATA[org.testng.TestRunner@5cc7c2a6]]>
              </value>
            </param>
          </params>
          <reporter-output>
          </reporter-output>
        </test-method> <!-- setUp -->
        <test-method status="PASS" signature="testCrossBrowserTest()[pri:0, instance:io.seetest.pwa.tests.CrossBrowserDeviceTest@3fb6a447]" name="testCrossBrowserTest" duration-ms="20066" started-at="2018-12-11T14:03:06Z" finished-at="2018-12-11T14:03:26Z">
          <reporter-output>
          </reporter-output>
        </test-method> <!-- testCrossBrowserTest -->
        <test-method status="PASS" signature="tearDown()[pri:0, instance:io.seetest.pwa.tests.CrossBrowserDeviceTest@3fb6a447]" name="tearDown" is-config="true" duration-ms="4519" started-at="2018-12-11T14:03:26Z" finished-at="2018-12-11T14:03:31Z">
          <reporter-output>
          </reporter-output>
        </test-method> <!-- tearDown -->
      </class> <!-- io.seetest.pwa.tests.CrossBrowserDeviceTest -->
    </test> <!-- PWAAndroidDeviceChromeTest -->
  </suite> <!-- PWAExample -->
</testng-results>
